mode: set
api-jasa-pengiriman/business/ongkir/service.go:24.48,29.2 1 1
api-jasa-pengiriman/business/ongkir/service.go:31.70,33.2 1 1
api-jasa-pengiriman/business/ongkir/service.go:35.71,38.16 3 1
api-jasa-pengiriman/business/ongkir/service.go:41.2,41.66 1 1
api-jasa-pengiriman/business/ongkir/service.go:44.2,44.18 1 1
api-jasa-pengiriman/business/ongkir/service.go:38.16,40.3 1 0
api-jasa-pengiriman/business/ongkir/service.go:41.66,43.3 1 0
api-jasa-pengiriman/business/admin/service.go:40.48,45.2 1 1
api-jasa-pengiriman/business/admin/service.go:47.59,49.16 2 1
api-jasa-pengiriman/business/admin/service.go:52.2,52.20 1 1
api-jasa-pengiriman/business/admin/service.go:49.16,51.3 1 0
api-jasa-pengiriman/business/admin/service.go:55.56,57.2 1 1
api-jasa-pengiriman/business/admin/service.go:59.61,61.16 2 1
api-jasa-pengiriman/business/admin/service.go:64.2,65.19 2 1
api-jasa-pengiriman/business/admin/service.go:61.16,63.3 1 0
api-jasa-pengiriman/business/admin/service.go:68.45,70.2 1 1
api-jasa-pengiriman/business/admin/service.go:72.69,74.2 1 1
api-jasa-pengiriman/business/admin/service.go:76.64,78.2 1 1
api-jasa-pengiriman/business/admin/service.go:80.59,83.2 2 0
api-jasa-pengiriman/business/admin/service.go:85.57,87.16 2 1
api-jasa-pengiriman/business/admin/service.go:90.2,90.38 1 1
api-jasa-pengiriman/business/admin/service.go:87.16,89.3 1 0
api-jasa-pengiriman/business/admin/service.go:93.69,95.2 1 1
api-jasa-pengiriman/business/admin/service.go:97.53,99.2 1 1
